=== THREAD SNAPSHOT AT 19:50:33 ===

--- Thread: Thread-3 (ID: 6233337856) ---
  File "/Library/Frameworks/Python.framework/Versions/3.13/lib/python3.13/threading.py", line 1012, in _bootstrap
    self._bootstrap_inner()
  File "/Library/Frameworks/Python.framework/Versions/3.13/lib/python3.13/threading.py", line 1041, in _bootstrap_inner
    self.run()
  File "/Users/akash/Documents/Clipboard/clip_env/lib/python3.13/site-packages/pynput/_util/__init__.py", line 212, in run
    self._run()
  File "/Users/akash/Documents/Clipboard/clip_env/lib/python3.13/site-packages/pynput/keyboard/_darwin.py", line 276, in _run
    super(Listener, self)._run()
  File "/Users/akash/Documents/Clipboard/clip_env/lib/python3.13/site-packages/pynput/_util/darwin.py", line 235, in _run
    result = CFRunLoopRunInMode(

--- Thread: Thread-2 (ID: 6216511488) ---
  File "/Library/Frameworks/Python.framework/Versions/3.13/lib/python3.13/threading.py", line 1012, in _bootstrap
    self._bootstrap_inner()
  File "/Library/Frameworks/Python.framework/Versions/3.13/lib/python3.13/threading.py", line 1041, in _bootstrap_inner
    self.run()
  File "/Users/akash/Documents/Clipboard/clipboard_manager/core/hotkey_listener.py", line 18, in run
    self.listener.join()
  File "/Users/akash/Documents/Clipboard/clip_env/lib/python3.13/site-packages/pynput/_util/__init__.py", line 295, in join
    super(AbstractListener, self).join(timeout, *args)
  File "/Library/Frameworks/Python.framework/Versions/3.13/lib/python3.13/threading.py", line 1092, in join
    self._handle.join(timeout)

--- Thread: monitor_thread (ID: 6199685120) ---
  File "/Library/Frameworks/Python.framework/Versions/3.13/lib/python3.13/threading.py", line 1012, in _bootstrap
    self._bootstrap_inner()
  File "/Library/Frameworks/Python.framework/Versions/3.13/lib/python3.13/threading.py", line 1041, in _bootstrap_inner
    self.run()
  File "/Library/Frameworks/Python.framework/Versions/3.13/lib/python3.13/threading.py", line 992, in run
    self._target(*self._args, **self._kwargs)
  File "/Users/akash/Documents/Clipboard/clipboard_manager/main.py", line 39, in log_thread_stacks
    stack = traceback.format_stack(frame)

--- Thread: event_bus (ID: 6182858752) ---
  File "/Library/Frameworks/Python.framework/Versions/3.13/lib/python3.13/threading.py", line 1012, in _bootstrap
    self._bootstrap_inner()
  File "/Library/Frameworks/Python.framework/Versions/3.13/lib/python3.13/threading.py", line 1041, in _bootstrap_inner
    self.run()
  File "/Library/Frameworks/Python.framework/Versions/3.13/lib/python3.13/threading.py", line 992, in run
    self._target(*self._args, **self._kwargs)
  File "/Users/akash/Documents/Clipboard/clipboard_manager/core/Event_bus.py", line 25, in start
    event_name, data = self.queue.get()
  File "/Library/Frameworks/Python.framework/Versions/3.13/lib/python3.13/queue.py", line 202, in get
    self.not_empty.wait()
  File "/Library/Frameworks/Python.framework/Versions/3.13/lib/python3.13/threading.py", line 359, in wait
    waiter.acquire()

--- Thread: MainThread (ID: 8532729984) ---
  File "/Users/akash/Documents/Clipboard/clipboard_manager/main.py", line 89, in <module>
    main()
  File "/Users/akash/Documents/Clipboard/clipboard_manager/main.py", line 75, in main
    clipboard_gui.run()
  File "/Users/akash/Documents/Clipboard/clip_env/lib/python3.13/site-packages/kivy/app.py", line 956, in run
    runTouchApp()
  File "/Users/akash/Documents/Clipboard/clip_env/lib/python3.13/site-packages/kivy/base.py", line 574, in runTouchApp
    EventLoop.mainloop()
  File "/Users/akash/Documents/Clipboard/clip_env/lib/python3.13/site-packages/kivy/base.py", line 339, in mainloop
    self.idle()
  File "/Users/akash/Documents/Clipboard/clip_env/lib/python3.13/site-packages/kivy/base.py", line 379, in idle
    Clock.tick()
  File "/Users/akash/Documents/Clipboard/clip_env/lib/python3.13/site-packages/kivy/clock.py", line 733, in tick
    self.post_idle(ts, self.idle())
  File "/Users/akash/Documents/Clipboard/clip_env/lib/python3.13/site-packages/kivy/clock.py", line 689, in idle
    usleep(1000000 * sleeptime)
  File "/Users/akash/Documents/Clipboard/clip_env/lib/python3.13/site-packages/kivy/clock.py", line 965, in usleep
    _usleep(microseconds, self._sleep_obj)
  File "/Users/akash/Documents/Clipboard/clip_env/lib/python3.13/site-packages/kivy/clock.py", line 556, in _usleep
    _libc_usleep(int(microseconds))
